<?xml version="1.0" encoding="UTF-8"?>
<coverage generated="1750411956">
  <project timestamp="1750411956" name="Clover Coverage">
    <package name="App\Containers\Authentication\Actions">
      <file name="/Users/kozokozo/personal/code-base/app/Containers/Authentication/Actions/LoginAction.php">
        <class name="App\Containers\Authentication\Actions\LoginAction" namespace="App\Containers\Authentication\Actions">
          <metrics complexity="3" methods="1" coveredmethods="0" conditionals="0" coveredconditionals="0" statements="9" coveredstatements="0" elements="10" coveredelements="0"/>
        </class>
        <line num="21" type="method" name="run" visibility="public" complexity="3" crap="12" count="0"/>
        <line num="23" type="stmt" count="0"/>
        <line num="25" type="stmt" count="0"/>
        <line num="26" type="stmt" count="0"/>
        <line num="27" type="stmt" count="0"/>
        <line num="28" type="stmt" count="0"/>
        <line num="31" type="stmt" count="0"/>
        <line num="32" type="stmt" count="0"/>
        <line num="33" type="stmt" count="0"/>
        <line num="34" type="stmt" count="0"/>
        <metrics loc="36" ncloc="36" classes="1" methods="1" coveredmethods="0" conditionals="0" coveredconditionals="0" statements="9" coveredstatements="0" elements="10" coveredelements="0"/>
      </file>
      <file name="/Users/kozokozo/personal/code-base/app/Containers/Authentication/Actions/RegisterAction.php">
        <class name="App\Containers\Authentication\Actions\RegisterAction" namespace="App\Containers\Authentication\Actions">
          <metrics complexity="1" methods="1" coveredmethods="0" conditionals="0" coveredconditionals="0" statements="5" coveredstatements="0" elements="6" coveredelements="0"/>
        </class>
        <line num="21" type="method" name="run" visibility="public" complexity="1" crap="2" count="0"/>
        <line num="23" type="stmt" count="0"/>
        <line num="24" type="stmt" count="0"/>
        <line num="25" type="stmt" count="0"/>
        <line num="26" type="stmt" count="0"/>
        <line num="27" type="stmt" count="0"/>
        <metrics loc="34" ncloc="30" classes="1" methods="1" coveredmethods="0" conditionals="0" coveredconditionals="0" statements="5" coveredstatements="0" elements="6" coveredelements="0"/>
      </file>
    </package>
    <package name="App\Containers\Authentication\Providers">
      <file name="/Users/kozokozo/personal/code-base/app/Containers/Authentication/Providers/AuthenticationServiceProvider.php">
        <class name="App\Containers\Authentication\Providers\AuthenticationServiceProvider" namespace="App\Containers\Authentication\Providers">
          <metrics complexity="5" methods="4" coveredmethods="4" conditionals="0" coveredconditionals="0" statements="12" coveredstatements="12" elements="16" coveredelements="16"/>
        </class>
        <line num="15" type="method" name="register" visibility="public" complexity="1" crap="1" count="16"/>
        <line num="18" type="stmt" count="16"/>
        <line num="23" type="method" name="boot" visibility="public" complexity="1" crap="1" count="16"/>
        <line num="25" type="stmt" count="16"/>
        <line num="27" type="stmt" count="16"/>
        <line num="29" type="stmt" count="16"/>
        <line num="30" type="stmt" count="16"/>
        <line num="31" type="stmt" count="16"/>
        <line num="32" type="stmt" count="16"/>
        <line num="33" type="stmt" count="16"/>
        <line num="39" type="method" name="loadRoutesFromDirectory" visibility="private" complexity="2" crap="2" count="16"/>
        <line num="41" type="stmt" count="16"/>
        <line num="43" type="stmt" count="16"/>
        <line num="44" type="stmt" count="16"/>
        <line num="48" type="method" name="loadWebRoutes" visibility="private" complexity="1" crap="1" count="16"/>
        <line num="50" type="stmt" count="16"/>
        <metrics loc="52" ncloc="42" classes="1" methods="4" coveredmethods="4" conditionals="0" coveredconditionals="0" statements="12" coveredstatements="12" elements="16" coveredelements="16"/>
      </file>
    </package>
    <package name="App\Containers\Authentication\UI\WEB\Controllers">
      <file name="/Users/kozokozo/personal/code-base/app/Containers/Authentication/UI/WEB/Controllers/AuthController.php">
        <class name="App\Containers\Authentication\UI\WEB\Controllers\AuthController" namespace="App\Containers\Authentication\UI\WEB\Controllers">
          <metrics complexity="10" methods="5" coveredmethods="2" conditionals="0" coveredconditionals="0" statements="46" coveredstatements="24" elements="51" coveredelements="26"/>
        </class>
        <line num="24" type="method" name="create" visibility="public" complexity="1" crap="1" count="1"/>
        <line num="26" type="stmt" count="1"/>
        <line num="29" type="method" name="loginForm" visibility="public" complexity="1" crap="1" count="1"/>
        <line num="31" type="stmt" count="1"/>
        <line num="34" type="method" name="register" visibility="public" complexity="3" crap="4.73" count="2"/>
        <line num="37" type="stmt" count="2"/>
        <line num="39" type="stmt" count="2"/>
        <line num="41" type="stmt" count="2"/>
        <line num="42" type="stmt" count="2"/>
        <line num="43" type="stmt" count="2"/>
        <line num="44" type="stmt" count="2"/>
        <line num="45" type="stmt" count="2"/>
        <line num="47" type="stmt" count="2"/>
        <line num="49" type="stmt" count="2"/>
        <line num="51" type="stmt" count="2"/>
        <line num="52" type="stmt" count="2"/>
        <line num="53" type="stmt" count="0"/>
        <line num="54" type="stmt" count="0"/>
        <line num="55" type="stmt" count="0"/>
        <line num="56" type="stmt" count="0"/>
        <line num="58" type="stmt" count="0"/>
        <line num="59" type="stmt" count="0"/>
        <line num="60" type="stmt" count="0"/>
        <line num="61" type="stmt" count="0"/>
        <line num="62" type="stmt" count="0"/>
        <line num="63" type="stmt" count="0"/>
        <line num="64" type="stmt" count="0"/>
        <line num="65" type="stmt" count="0"/>
        <line num="67" type="stmt" count="0"/>
        <line num="68" type="stmt" count="0"/>
        <line num="69" type="stmt" count="0"/>
        <line num="73" type="method" name="login" visibility="public" complexity="4" crap="4.30" count="2"/>
        <line num="76" type="stmt" count="2"/>
        <line num="78" type="stmt" count="2"/>
        <line num="79" type="stmt" count="1"/>
        <line num="80" type="stmt" count="1"/>
        <line num="81" type="stmt" count="1"/>
        <line num="84" type="stmt" count="1"/>
        <line num="85" type="stmt" count="1"/>
        <line num="87" type="stmt" count="1"/>
        <line num="88" type="stmt" count="1"/>
        <line num="89" type="stmt" count="1"/>
        <line num="90" type="stmt" count="1"/>
        <line num="91" type="stmt" count="0"/>
        <line num="92" type="stmt" count="0"/>
        <line num="93" type="stmt" count="0"/>
        <line num="94" type="stmt" count="0"/>
        <line num="98" type="method" name="logout" visibility="public" complexity="1" crap="2" count="0"/>
        <line num="100" type="stmt" count="0"/>
        <line num="102" type="stmt" count="0"/>
        <line num="103" type="stmt" count="0"/>
        <metrics loc="105" ncloc="105" classes="1" methods="5" coveredmethods="2" conditionals="0" coveredconditionals="0" statements="46" coveredstatements="24" elements="51" coveredelements="26"/>
      </file>
    </package>
    <package name="App\Containers\Authentication\UI\WEB\Requests">
      <file name="/Users/kozokozo/personal/code-base/app/Containers/Authentication/UI/WEB/Requests/LoginRequest.php">
        <class name="App\Containers\Authentication\UI\WEB\Requests\LoginRequest" namespace="App\Containers\Authentication\UI\WEB\Requests">
          <metrics complexity="6" methods="4" coveredmethods="3" conditionals="0" coveredconditionals="0" statements="19" coveredstatements="10" elements="23" coveredelements="13"/>
        </class>
        <line num="17" type="method" name="authorize" visibility="public" complexity="1" crap="1" count="2"/>
        <line num="19" type="stmt" count="2"/>
        <line num="25" type="method" name="rules" visibility="public" complexity="1" crap="1" count="2"/>
        <line num="27" type="stmt" count="2"/>
        <line num="28" type="stmt" count="2"/>
        <line num="29" type="stmt" count="2"/>
        <line num="30" type="stmt" count="2"/>
        <line num="36" type="method" name="messages" visibility="public" complexity="1" crap="1" count="2"/>
        <line num="38" type="stmt" count="2"/>
        <line num="39" type="stmt" count="2"/>
        <line num="40" type="stmt" count="2"/>
        <line num="41" type="stmt" count="2"/>
        <line num="42" type="stmt" count="2"/>
        <line num="48" type="method" name="failedValidation" visibility="protected" complexity="3" crap="12" count="0"/>
        <line num="50" type="stmt" count="0"/>
        <line num="51" type="stmt" count="0"/>
        <line num="53" type="stmt" count="0"/>
        <line num="54" type="stmt" count="0"/>
        <line num="57" type="stmt" count="0"/>
        <line num="58" type="stmt" count="0"/>
        <line num="59" type="stmt" count="0"/>
        <line num="60" type="stmt" count="0"/>
        <line num="62" type="stmt" count="0"/>
        <metrics loc="64" ncloc="52" classes="1" methods="4" coveredmethods="3" conditionals="0" coveredconditionals="0" statements="19" coveredstatements="10" elements="23" coveredelements="13"/>
      </file>
      <file name="/Users/kozokozo/personal/code-base/app/Containers/Authentication/UI/WEB/Requests/RegisterRequest.php">
        <class name="App\Containers\Authentication\UI\WEB\Requests\RegisterRequest" namespace="App\Containers\Authentication\UI\WEB\Requests">
          <metrics complexity="6" methods="4" coveredmethods="4" conditionals="0" coveredconditionals="0" statements="27" coveredstatements="27" elements="31" coveredelements="31"/>
        </class>
        <line num="17" type="method" name="authorize" visibility="public" complexity="1" crap="1" count="10"/>
        <line num="19" type="stmt" count="10"/>
        <line num="25" type="method" name="rules" visibility="public" complexity="1" crap="1" count="10"/>
        <line num="27" type="stmt" count="10"/>
        <line num="28" type="stmt" count="10"/>
        <line num="29" type="stmt" count="10"/>
        <line num="30" type="stmt" count="10"/>
        <line num="31" type="stmt" count="10"/>
        <line num="37" type="method" name="messages" visibility="public" complexity="1" crap="1" count="10"/>
        <line num="39" type="stmt" count="10"/>
        <line num="40" type="stmt" count="10"/>
        <line num="41" type="stmt" count="10"/>
        <line num="42" type="stmt" count="10"/>
        <line num="43" type="stmt" count="10"/>
        <line num="44" type="stmt" count="10"/>
        <line num="45" type="stmt" count="10"/>
        <line num="46" type="stmt" count="10"/>
        <line num="47" type="stmt" count="10"/>
        <line num="48" type="stmt" count="10"/>
        <line num="49" type="stmt" count="10"/>
        <line num="50" type="stmt" count="10"/>
        <line num="56" type="method" name="failedValidation" visibility="protected" complexity="3" crap="3" count="8"/>
        <line num="58" type="stmt" count="8"/>
        <line num="59" type="stmt" count="8"/>
        <line num="61" type="stmt" count="8"/>
        <line num="62" type="stmt" count="8"/>
        <line num="65" type="stmt" count="8"/>
        <line num="66" type="stmt" count="8"/>
        <line num="67" type="stmt" count="8"/>
        <line num="68" type="stmt" count="8"/>
        <line num="70" type="stmt" count="8"/>
        <metrics loc="72" ncloc="60" classes="1" methods="4" coveredmethods="4" conditionals="0" coveredconditionals="0" statements="27" coveredstatements="27" elements="31" coveredelements="31"/>
      </file>
    </package>
    <file name="/Users/kozokozo/personal/code-base/app/Containers/Authentication/UI/WEB/Routes/auth.php">
      <line num="19" type="stmt" count="16"/>
      <line num="20" type="stmt" count="16"/>
      <line num="21" type="stmt" count="16"/>
      <line num="23" type="stmt" count="16"/>
      <line num="24" type="stmt" count="16"/>
      <line num="26" type="stmt" count="16"/>
      <line num="27" type="stmt" count="16"/>
      <line num="29" type="stmt" count="16"/>
      <line num="30" type="stmt" count="16"/>
      <line num="31" type="stmt" count="16"/>
      <line num="33" type="stmt" count="16"/>
      <line num="34" type="stmt" count="16"/>
      <line num="35" type="stmt" count="16"/>
      <line num="36" type="stmt" count="16"/>
      <metrics loc="36" ncloc="27" classes="0" methods="0" coveredmethods="0" conditionals="0" coveredconditionals="0" statements="14" coveredstatements="14" elements="14" coveredelements="14"/>
    </file>
    <package name="App\Containers\Family\Actions">
      <file name="/Users/kozokozo/personal/code-base/app/Containers/Family/Actions/CreateFamilyGroupAction.php">
        <class name="App\Containers\Family\Actions\CreateFamilyGroupAction" namespace="App\Containers\Family\Actions">
          <metrics complexity="1" methods="1" coveredmethods="0" conditionals="0" coveredconditionals="0" statements="4" coveredstatements="0" elements="5" coveredelements="0"/>
        </class>
        <line num="19" type="method" name="run" visibility="public" complexity="1" crap="2" count="0"/>
        <line num="21" type="stmt" count="0"/>
        <line num="22" type="stmt" count="0"/>
        <line num="23" type="stmt" count="0"/>
        <line num="24" type="stmt" count="0"/>
        <metrics loc="26" ncloc="26" classes="1" methods="1" coveredmethods="0" conditionals="0" coveredconditionals="0" statements="4" coveredstatements="0" elements="5" coveredelements="0"/>
      </file>
    </package>
    <package name="App\Containers\Family\Enums">
      <file name="/Users/kozokozo/personal/code-base/app/Containers/Family/Enums/FamilyMemberRoleEnum.php">
        <class name="App\Containers\Family\Enums\FamilyMemberRoleEnum" namespace="App\Containers\Family\Enums">
          <metrics complexity="11" methods="3" coveredmethods="0" conditionals="0" coveredconditionals="0" statements="14" coveredstatements="0" elements="17" coveredelements="0"/>
        </class>
        <line num="14" type="method" name="label" visibility="public" complexity="5" crap="30" count="0"/>
        <line num="16" type="stmt" count="0"/>
        <line num="17" type="stmt" count="0"/>
        <line num="18" type="stmt" count="0"/>
        <line num="19" type="stmt" count="0"/>
        <line num="20" type="stmt" count="0"/>
        <line num="21" type="stmt" count="0"/>
        <line num="24" type="method" name="canManageMembers" visibility="public" complexity="3" crap="12" count="0"/>
        <line num="26" type="stmt" count="0"/>
        <line num="27" type="stmt" count="0"/>
        <line num="28" type="stmt" count="0"/>
        <line num="29" type="stmt" count="0"/>
        <line num="32" type="method" name="canManageFinances" visibility="public" complexity="3" crap="12" count="0"/>
        <line num="34" type="stmt" count="0"/>
        <line num="35" type="stmt" count="0"/>
        <line num="36" type="stmt" count="0"/>
        <line num="37" type="stmt" count="0"/>
        <metrics loc="39" ncloc="39" classes="1" methods="3" coveredmethods="0" conditionals="0" coveredconditionals="0" statements="14" coveredstatements="0" elements="17" coveredelements="0"/>
      </file>
    </package>
    <package name="App\Containers\Family\Models">
      <file name="/Users/kozokozo/personal/code-base/app/Containers/Family/Models/FamilyGroup.php">
        <class name="App\Containers\Family\Models\FamilyGroup" namespace="App\Containers\Family\Models">
          <metrics complexity="3" methods="3" coveredmethods="0" conditionals="0" coveredconditionals="0" statements="5" coveredstatements="0" elements="8" coveredelements="0"/>
        </class>
        <line num="30" type="method" name="members" visibility="public" complexity="1" crap="2" count="0"/>
        <line num="32" type="stmt" count="0"/>
        <line num="35" type="method" name="invitations" visibility="public" complexity="1" crap="2" count="0"/>
        <line num="37" type="stmt" count="0"/>
        <line num="40" type="method" name="users" visibility="public" complexity="1" crap="2" count="0"/>
        <line num="42" type="stmt" count="0"/>
        <line num="43" type="stmt" count="0"/>
        <line num="44" type="stmt" count="0"/>
        <metrics loc="46" ncloc="46" classes="1" methods="3" coveredmethods="0" conditionals="0" coveredconditionals="0" statements="5" coveredstatements="0" elements="8" coveredelements="0"/>
      </file>
      <file name="/Users/kozokozo/personal/code-base/app/Containers/Family/Models/FamilyMember.php">
        <class name="App\Containers\Family\Models\FamilyMember" namespace="App\Containers\Family\Models">
          <metrics complexity="2" methods="2" coveredmethods="0" conditionals="0" coveredconditionals="0" statements="2" coveredstatements="0" elements="4" coveredelements="0"/>
        </class>
        <line num="30" type="method" name="familyGroup" visibility="public" complexity="1" crap="2" count="0"/>
        <line num="32" type="stmt" count="0"/>
        <line num="35" type="method" name="user" visibility="public" complexity="1" crap="2" count="0"/>
        <line num="37" type="stmt" count="0"/>
        <metrics loc="39" ncloc="39" classes="1" methods="2" coveredmethods="0" conditionals="0" coveredconditionals="0" statements="2" coveredstatements="0" elements="4" coveredelements="0"/>
      </file>
      <file name="/Users/kozokozo/personal/code-base/app/Containers/Family/Models/Invitation.php">
        <class name="App\Containers\Family\Models\Invitation" namespace="App\Containers\Family\Models">
          <metrics complexity="2" methods="2" coveredmethods="0" conditionals="0" coveredconditionals="0" statements="2" coveredstatements="0" elements="4" coveredelements="0"/>
        </class>
        <line num="32" type="method" name="familyGroup" visibility="public" complexity="1" crap="2" count="0"/>
        <line num="34" type="stmt" count="0"/>
        <line num="37" type="method" name="invitedBy" visibility="public" complexity="1" crap="2" count="0"/>
        <line num="39" type="stmt" count="0"/>
        <metrics loc="41" ncloc="41" classes="1" methods="2" coveredmethods="0" conditionals="0" coveredconditionals="0" statements="2" coveredstatements="0" elements="4" coveredelements="0"/>
      </file>
      <file name="/Users/kozokozo/personal/code-base/app/Containers/Family/Models/UserFamilyRole.php">
        <class name="App\Containers\Family\Models\UserFamilyRole" namespace="App\Containers\Family\Models">
          <metrics complexity="2" methods="2" coveredmethods="0" conditionals="0" coveredconditionals="0" statements="2" coveredstatements="0" elements="4" coveredelements="0"/>
        </class>
        <line num="30" type="method" name="user" visibility="public" complexity="1" crap="2" count="0"/>
        <line num="32" type="stmt" count="0"/>
        <line num="38" type="method" name="familyGroup" visibility="public" complexity="1" crap="2" count="0"/>
        <line num="40" type="stmt" count="0"/>
        <metrics loc="42" ncloc="36" classes="1" methods="2" coveredmethods="0" conditionals="0" coveredconditionals="0" statements="2" coveredstatements="0" elements="4" coveredelements="0"/>
      </file>
    </package>
    <package name="App\Containers\Family\Providers">
      <file name="/Users/kozokozo/personal/code-base/app/Containers/Family/Providers/FamilyServiceProvider.php">
        <class name="App\Containers\Family\Providers\FamilyServiceProvider" namespace="App\Containers\Family\Providers">
          <metrics complexity="4" methods="3" coveredmethods="3" conditionals="0" coveredconditionals="0" statements="5" coveredstatements="5" elements="8" coveredelements="8"/>
        </class>
        <line num="20" type="method" name="register" visibility="public" complexity="1" crap="1" count="16"/>
        <line num="23" type="stmt" count="16"/>
        <line num="28" type="method" name="boot" visibility="public" complexity="1" crap="1" count="16"/>
        <line num="30" type="stmt" count="16"/>
        <line num="36" type="method" name="loadRoutes" visibility="private" complexity="2" crap="2" count="16"/>
        <line num="38" type="stmt" count="16"/>
        <line num="40" type="stmt" count="16"/>
        <line num="41" type="stmt" count="16"/>
        <metrics loc="45" ncloc="30" classes="1" methods="3" coveredmethods="3" conditionals="0" coveredconditionals="0" statements="5" coveredstatements="5" elements="8" coveredelements="8"/>
      </file>
    </package>
    <package name="App\Containers\Family\Tasks">
      <file name="/Users/kozokozo/personal/code-base/app/Containers/Family/Tasks/CreateFamilyMemberTask.php">
        <class name="App\Containers\Family\Tasks\CreateFamilyMemberTask" namespace="App\Containers\Family\Tasks">
          <metrics complexity="2" methods="1" coveredmethods="0" conditionals="0" coveredconditionals="0" statements="10" coveredstatements="0" elements="11" coveredelements="0"/>
        </class>
        <line num="23" type="method" name="run" visibility="public" complexity="2" crap="6" count="0"/>
        <line num="25" type="stmt" count="0"/>
        <line num="27" type="stmt" count="0"/>
        <line num="28" type="stmt" count="0"/>
        <line num="31" type="stmt" count="0"/>
        <line num="32" type="stmt" count="0"/>
        <line num="33" type="stmt" count="0"/>
        <line num="34" type="stmt" count="0"/>
        <line num="35" type="stmt" count="0"/>
        <line num="36" type="stmt" count="0"/>
        <line num="37" type="stmt" count="0"/>
        <metrics loc="39" ncloc="39" classes="1" methods="1" coveredmethods="0" conditionals="0" coveredconditionals="0" statements="10" coveredstatements="0" elements="11" coveredelements="0"/>
      </file>
    </package>
    <package name="App\Containers\Family\UI\API\Controllers">
      <file name="/Users/kozokozo/personal/code-base/app/Containers/Family/UI/API/Controllers/FamilyGroupController.php">
        <class name="App\Containers\Family\UI\API\Controllers\FamilyGroupController" namespace="App\Containers\Family\UI\API\Controllers">
          <metrics complexity="2" methods="2" coveredmethods="0" conditionals="0" coveredconditionals="0" statements="11" coveredstatements="0" elements="13" coveredelements="0"/>
        </class>
        <line num="14" type="method" name="__construct" visibility="public" complexity="1" crap="2" count="0"/>
        <line num="16" type="stmt" count="0"/>
        <line num="21" type="method" name="store" visibility="public" complexity="1" crap="2" count="0"/>
        <line num="23" type="stmt" count="0"/>
        <line num="24" type="stmt" count="0"/>
        <line num="25" type="stmt" count="0"/>
        <line num="26" type="stmt" count="0"/>
        <line num="27" type="stmt" count="0"/>
        <line num="28" type="stmt" count="0"/>
        <line num="30" type="stmt" count="0"/>
        <line num="31" type="stmt" count="0"/>
        <line num="32" type="stmt" count="0"/>
        <line num="33" type="stmt" count="0"/>
        <metrics loc="35" ncloc="32" classes="1" methods="2" coveredmethods="0" conditionals="0" coveredconditionals="0" statements="11" coveredstatements="0" elements="13" coveredelements="0"/>
      </file>
    </package>
    <package name="App\Containers\Family\UI\API\Requests">
      <file name="/Users/kozokozo/personal/code-base/app/Containers/Family/UI/API/Requests/CreateFamilyGroupRequest.php">
        <class name="App\Containers\Family\UI\API\Requests\CreateFamilyGroupRequest" namespace="App\Containers\Family\UI\API\Requests">
          <metrics complexity="2" methods="2" coveredmethods="0" conditionals="0" coveredconditionals="0" statements="4" coveredstatements="0" elements="6" coveredelements="0"/>
        </class>
        <line num="14" type="method" name="rules" visibility="public" complexity="1" crap="2" count="0"/>
        <line num="16" type="stmt" count="0"/>
        <line num="17" type="stmt" count="0"/>
        <line num="18" type="stmt" count="0"/>
        <line num="24" type="method" name="authorize" visibility="public" complexity="1" crap="2" count="0"/>
        <line num="26" type="stmt" count="0"/>
        <metrics loc="28" ncloc="22" classes="1" methods="2" coveredmethods="0" conditionals="0" coveredconditionals="0" statements="4" coveredstatements="0" elements="6" coveredelements="0"/>
      </file>
    </package>
    <file name="/Users/kozokozo/personal/code-base/app/Containers/Family/UI/API/Routes/family_group.php">
      <line num="17" type="stmt" count="16"/>
      <line num="18" type="stmt" count="16"/>
      <line num="19" type="stmt" count="16"/>
      <line num="20" type="stmt" count="16"/>
      <line num="21" type="stmt" count="16"/>
      <line num="22" type="stmt" count="16"/>
      <metrics loc="23" ncloc="15" classes="0" methods="0" coveredmethods="0" conditionals="0" coveredconditionals="0" statements="6" coveredstatements="6" elements="6" coveredelements="6"/>
    </file>
    <package name="App\Containers\Finance\Models">
      <file name="/Users/kozokozo/personal/code-base/app/Containers/Finance/Models/Account.php">
        <class name="App\Containers\Finance\Models\Account" namespace="App\Containers\Finance\Models">
          <metrics complexity="5" methods="5" coveredmethods="0" conditionals="0" coveredconditionals="0" statements="5" coveredstatements="0" elements="10" coveredelements="0"/>
        </class>
        <line num="22" type="method" name="newFactory" visibility="protected" complexity="1" crap="2" count="0"/>
        <line num="24" type="stmt" count="0"/>
        <line num="45" type="method" name="familyGroup" visibility="public" complexity="1" crap="2" count="0"/>
        <line num="47" type="stmt" count="0"/>
        <line num="50" type="method" name="createdBy" visibility="public" complexity="1" crap="2" count="0"/>
        <line num="52" type="stmt" count="0"/>
        <line num="55" type="method" name="transactions" visibility="public" complexity="1" crap="2" count="0"/>
        <line num="57" type="stmt" count="0"/>
        <line num="60" type="method" name="recurringExpenses" visibility="public" complexity="1" crap="2" count="0"/>
        <line num="62" type="stmt" count="0"/>
        <metrics loc="64" ncloc="61" classes="1" methods="5" coveredmethods="0" conditionals="0" coveredconditionals="0" statements="5" coveredstatements="0" elements="10" coveredelements="0"/>
      </file>
      <file name="/Users/kozokozo/personal/code-base/app/Containers/Finance/Models/Asset.php">
        <class name="App\Containers\Finance\Models\Asset" namespace="App\Containers\Finance\Models">
          <metrics complexity="3" methods="3" coveredmethods="0" conditionals="0" coveredconditionals="0" statements="3" coveredstatements="0" elements="6" coveredelements="0"/>
        </class>
        <line num="21" type="method" name="newFactory" visibility="protected" complexity="1" crap="2" count="0"/>
        <line num="23" type="stmt" count="0"/>
        <line num="44" type="method" name="familyGroup" visibility="public" complexity="1" crap="2" count="0"/>
        <line num="46" type="stmt" count="0"/>
        <line num="49" type="method" name="createdBy" visibility="public" complexity="1" crap="2" count="0"/>
        <line num="51" type="stmt" count="0"/>
        <metrics loc="53" ncloc="50" classes="1" methods="3" coveredmethods="0" conditionals="0" coveredconditionals="0" statements="3" coveredstatements="0" elements="6" coveredelements="0"/>
      </file>
      <file name="/Users/kozokozo/personal/code-base/app/Containers/Finance/Models/Budget.php">
        <class name="App\Containers\Finance\Models\Budget" namespace="App\Containers\Finance\Models">
          <metrics complexity="3" methods="3" coveredmethods="0" conditionals="0" coveredconditionals="0" statements="3" coveredstatements="0" elements="6" coveredelements="0"/>
        </class>
        <line num="21" type="method" name="newFactory" visibility="protected" complexity="1" crap="2" count="0"/>
        <line num="23" type="stmt" count="0"/>
        <line num="49" type="method" name="user" visibility="public" complexity="1" crap="2" count="0"/>
        <line num="51" type="stmt" count="0"/>
        <line num="54" type="method" name="category" visibility="public" complexity="1" crap="2" count="0"/>
        <line num="56" type="stmt" count="0"/>
        <metrics loc="58" ncloc="55" classes="1" methods="3" coveredmethods="0" conditionals="0" coveredconditionals="0" statements="3" coveredstatements="0" elements="6" coveredelements="0"/>
      </file>
      <file name="/Users/kozokozo/personal/code-base/app/Containers/Finance/Models/Category.php">
        <class name="App\Containers\Finance\Models\Category" namespace="App\Containers\Finance\Models">
          <metrics complexity="7" methods="7" coveredmethods="0" conditionals="0" coveredconditionals="0" statements="7" coveredstatements="0" elements="14" coveredelements="0"/>
        </class>
        <line num="22" type="method" name="newFactory" visibility="protected" complexity="1" crap="2" count="0"/>
        <line num="24" type="stmt" count="0"/>
        <line num="42" type="method" name="familyGroup" visibility="public" complexity="1" crap="2" count="0"/>
        <line num="44" type="stmt" count="0"/>
        <line num="47" type="method" name="parent" visibility="public" complexity="1" crap="2" count="0"/>
        <line num="49" type="stmt" count="0"/>
        <line num="52" type="method" name="children" visibility="public" complexity="1" crap="2" count="0"/>
        <line num="54" type="stmt" count="0"/>
        <line num="57" type="method" name="transactions" visibility="public" complexity="1" crap="2" count="0"/>
        <line num="59" type="stmt" count="0"/>
        <line num="62" type="method" name="budgets" visibility="public" complexity="1" crap="2" count="0"/>
        <line num="64" type="stmt" count="0"/>
        <line num="67" type="method" name="createdBy" visibility="public" complexity="1" crap="2" count="0"/>
        <line num="69" type="stmt" count="0"/>
        <metrics loc="71" ncloc="68" classes="1" methods="7" coveredmethods="0" conditionals="0" coveredconditionals="0" statements="7" coveredstatements="0" elements="14" coveredelements="0"/>
      </file>
      <file name="/Users/kozokozo/personal/code-base/app/Containers/Finance/Models/FinancialUser.php">
        <class name="App\Containers\Finance\Models\FinancialUser" namespace="App\Containers\Finance\Models">
          <metrics complexity="1" methods="1" coveredmethods="0" conditionals="0" coveredconditionals="0" statements="10" coveredstatements="0" elements="11" coveredelements="0"/>
        </class>
        <line num="15" type="method" name="getFinancialProfile" visibility="public" complexity="1" crap="2" count="0"/>
        <line num="18" type="stmt" count="0"/>
        <line num="19" type="stmt" count="0"/>
        <line num="20" type="stmt" count="0"/>
        <line num="21" type="stmt" count="0"/>
        <line num="22" type="stmt" count="0"/>
        <line num="23" type="stmt" count="0"/>
        <line num="24" type="stmt" count="0"/>
        <line num="25" type="stmt" count="0"/>
        <line num="26" type="stmt" count="0"/>
        <line num="27" type="stmt" count="0"/>
        <metrics loc="29" ncloc="23" classes="1" methods="1" coveredmethods="0" conditionals="0" coveredconditionals="0" statements="10" coveredstatements="0" elements="11" coveredelements="0"/>
      </file>
      <file name="/Users/kozokozo/personal/code-base/app/Containers/Finance/Models/RecurringExpense.php">
        <class name="App\Containers\Finance\Models\RecurringExpense" namespace="App\Containers\Finance\Models">
          <metrics complexity="6" methods="6" coveredmethods="0" conditionals="0" coveredconditionals="0" statements="6" coveredstatements="0" elements="12" coveredelements="0"/>
        </class>
        <line num="22" type="method" name="newFactory" visibility="protected" complexity="1" crap="2" count="0"/>
        <line num="24" type="stmt" count="0"/>
        <line num="49" type="method" name="familyGroup" visibility="public" complexity="1" crap="2" count="0"/>
        <line num="51" type="stmt" count="0"/>
        <line num="54" type="method" name="account" visibility="public" complexity="1" crap="2" count="0"/>
        <line num="56" type="stmt" count="0"/>
        <line num="59" type="method" name="category" visibility="public" complexity="1" crap="2" count="0"/>
        <line num="61" type="stmt" count="0"/>
        <line num="64" type="method" name="transactions" visibility="public" complexity="1" crap="2" count="0"/>
        <line num="66" type="stmt" count="0"/>
        <line num="69" type="method" name="createdBy" visibility="public" complexity="1" crap="2" count="0"/>
        <line num="71" type="stmt" count="0"/>
        <metrics loc="73" ncloc="70" classes="1" methods="6" coveredmethods="0" conditionals="0" coveredconditionals="0" statements="6" coveredstatements="0" elements="12" coveredelements="0"/>
      </file>
      <file name="/Users/kozokozo/personal/code-base/app/Containers/Finance/Models/SavingsGoal.php">
        <class name="App\Containers\Finance\Models\SavingsGoal" namespace="App\Containers\Finance\Models">
          <metrics complexity="4" methods="4" coveredmethods="0" conditionals="0" coveredconditionals="0" statements="4" coveredstatements="0" elements="8" coveredelements="0"/>
        </class>
        <line num="21" type="method" name="newFactory" visibility="protected" complexity="1" crap="2" count="0"/>
        <line num="23" type="stmt" count="0"/>
        <line num="45" type="method" name="familyGroup" visibility="public" complexity="1" crap="2" count="0"/>
        <line num="47" type="stmt" count="0"/>
        <line num="50" type="method" name="account" visibility="public" complexity="1" crap="2" count="0"/>
        <line num="52" type="stmt" count="0"/>
        <line num="55" type="method" name="createdBy" visibility="public" complexity="1" crap="2" count="0"/>
        <line num="57" type="stmt" count="0"/>
        <metrics loc="59" ncloc="56" classes="1" methods="4" coveredmethods="0" conditionals="0" coveredconditionals="0" statements="4" coveredstatements="0" elements="8" coveredelements="0"/>
      </file>
      <file name="/Users/kozokozo/personal/code-base/app/Containers/Finance/Models/Transaction.php">
        <class name="App\Containers\Finance\Models\Transaction" namespace="App\Containers\Finance\Models">
          <metrics complexity="6" methods="6" coveredmethods="0" conditionals="0" coveredconditionals="0" statements="6" coveredstatements="0" elements="12" coveredelements="0"/>
        </class>
        <line num="21" type="method" name="newFactory" visibility="protected" complexity="1" crap="2" count="0"/>
        <line num="23" type="stmt" count="0"/>
        <line num="45" type="method" name="familyGroup" visibility="public" complexity="1" crap="2" count="0"/>
        <line num="47" type="stmt" count="0"/>
        <line num="50" type="method" name="account" visibility="public" complexity="1" crap="2" count="0"/>
        <line num="52" type="stmt" count="0"/>
        <line num="55" type="method" name="category" visibility="public" complexity="1" crap="2" count="0"/>
        <line num="57" type="stmt" count="0"/>
        <line num="60" type="method" name="createdBy" visibility="public" complexity="1" crap="2" count="0"/>
        <line num="62" type="stmt" count="0"/>
        <line num="65" type="method" name="recurringExpense" visibility="public" complexity="1" crap="2" count="0"/>
        <line num="67" type="stmt" count="0"/>
        <metrics loc="69" ncloc="66" classes="1" methods="6" coveredmethods="0" conditionals="0" coveredconditionals="0" statements="6" coveredstatements="0" elements="12" coveredelements="0"/>
      </file>
    </package>
    <package name="App\Containers\Todo\Actions">
      <file name="/Users/kozokozo/personal/code-base/app/Containers/Todo/Actions/CreateTodoAction.php">
        <class name="App\Containers\Todo\Actions\CreateTodoAction" namespace="App\Containers\Todo\Actions">
          <metrics complexity="2" methods="2" coveredmethods="0" conditionals="0" coveredconditionals="0" statements="2" coveredstatements="0" elements="4" coveredelements="0"/>
        </class>
        <line num="23" type="method" name="__construct" visibility="public" complexity="1" crap="2" count="0"/>
        <line num="25" type="stmt" count="0"/>
        <line num="33" type="method" name="run" visibility="public" complexity="1" crap="2" count="0"/>
        <line num="35" type="stmt" count="0"/>
        <metrics loc="38" ncloc="27" classes="1" methods="2" coveredmethods="0" conditionals="0" coveredconditionals="0" statements="2" coveredstatements="0" elements="4" coveredelements="0"/>
      </file>
      <file name="/Users/kozokozo/personal/code-base/app/Containers/Todo/Actions/GetAllTodosAction.php">
        <class name="App\Containers\Todo\Actions\GetAllTodosAction" namespace="App\Containers\Todo\Actions">
          <metrics complexity="3" methods="2" coveredmethods="0" conditionals="0" coveredconditionals="0" statements="5" coveredstatements="0" elements="7" coveredelements="0"/>
        </class>
        <line num="19" type="method" name="__construct" visibility="public" complexity="1" crap="2" count="0"/>
        <line num="21" type="stmt" count="0"/>
        <line num="28" type="method" name="run" visibility="public" complexity="2" crap="6" count="0"/>
        <line num="30" type="stmt" count="0"/>
        <line num="32" type="stmt" count="0"/>
        <line num="33" type="stmt" count="0"/>
        <line num="36" type="stmt" count="0"/>
        <metrics loc="39" ncloc="29" classes="1" methods="2" coveredmethods="0" conditionals="0" coveredconditionals="0" statements="5" coveredstatements="0" elements="7" coveredelements="0"/>
      </file>
      <file name="/Users/kozokozo/personal/code-base/app/Containers/Todo/Actions/GetUserTodosAction.php">
        <class name="App\Containers\Todo\Actions\GetUserTodosAction" namespace="App\Containers\Todo\Actions">
          <metrics complexity="2" methods="2" coveredmethods="0" conditionals="0" coveredconditionals="0" statements="11" coveredstatements="0" elements="13" coveredelements="0"/>
        </class>
        <line num="14" type="method" name="__construct" visibility="public" complexity="1" crap="2" count="0"/>
        <line num="17" type="stmt" count="0"/>
        <line num="19" type="method" name="run" visibility="public" complexity="1" crap="2" count="0"/>
        <line num="21" type="stmt" count="0"/>
        <line num="23" type="stmt" count="0"/>
        <line num="24" type="stmt" count="0"/>
        <line num="25" type="stmt" count="0"/>
        <line num="26" type="stmt" count="0"/>
        <line num="27" type="stmt" count="0"/>
        <line num="28" type="stmt" count="0"/>
        <line num="29" type="stmt" count="0"/>
        <line num="30" type="stmt" count="0"/>
        <line num="31" type="stmt" count="0"/>
        <metrics loc="33" ncloc="33" classes="1" methods="2" coveredmethods="0" conditionals="0" coveredconditionals="0" statements="11" coveredstatements="0" elements="13" coveredelements="0"/>
      </file>
      <file name="/Users/kozokozo/personal/code-base/app/Containers/Todo/Actions/ToggleTodoStatusAction.php">
        <class name="App\Containers\Todo\Actions\ToggleTodoStatusAction" namespace="App\Containers\Todo\Actions">
          <metrics complexity="2" methods="2" coveredmethods="0" conditionals="0" coveredconditionals="0" statements="2" coveredstatements="0" elements="4" coveredelements="0"/>
        </class>
        <line num="23" type="method" name="__construct" visibility="public" complexity="1" crap="2" count="0"/>
        <line num="25" type="stmt" count="0"/>
        <line num="30" type="method" name="run" visibility="public" complexity="1" crap="2" count="0"/>
        <line num="32" type="stmt" count="0"/>
        <metrics loc="35" ncloc="27" classes="1" methods="2" coveredmethods="0" conditionals="0" coveredconditionals="0" statements="2" coveredstatements="0" elements="4" coveredelements="0"/>
      </file>
    </package>
    <package name="App\Containers\Todo\Data\Factories">
      <file name="/Users/kozokozo/personal/code-base/app/Containers/Todo/Data/Factories/TodoFactory.php">
        <class name="App\Containers\Todo\Data\Factories\TodoFactory" namespace="App\Containers\Todo\Data\Factories">
          <metrics complexity="4" methods="4" coveredmethods="0" conditionals="0" coveredconditionals="0" statements="18" coveredstatements="0" elements="22" coveredelements="0"/>
        </class>
        <line num="25" type="method" name="definition" visibility="public" complexity="1" crap="2" count="0"/>
        <line num="27" type="stmt" count="0"/>
        <line num="28" type="stmt" count="0"/>
        <line num="29" type="stmt" count="0"/>
        <line num="30" type="stmt" count="0"/>
        <line num="31" type="stmt" count="0"/>
        <line num="32" type="stmt" count="0"/>
        <line num="38" type="method" name="completed" visibility="public" complexity="1" crap="2" count="0"/>
        <line num="40" type="stmt" count="0"/>
        <line num="41" type="stmt" count="0"/>
        <line num="42" type="stmt" count="0"/>
        <line num="43" type="stmt" count="0"/>
        <line num="49" type="method" name="incomplete" visibility="public" complexity="1" crap="2" count="0"/>
        <line num="51" type="stmt" count="0"/>
        <line num="52" type="stmt" count="0"/>
        <line num="53" type="stmt" count="0"/>
        <line num="54" type="stmt" count="0"/>
        <line num="60" type="method" name="cancelled" visibility="public" complexity="1" crap="2" count="0"/>
        <line num="62" type="stmt" count="0"/>
        <line num="63" type="stmt" count="0"/>
        <line num="64" type="stmt" count="0"/>
        <line num="65" type="stmt" count="0"/>
        <metrics loc="68" ncloc="49" classes="1" methods="4" coveredmethods="0" conditionals="0" coveredconditionals="0" statements="18" coveredstatements="0" elements="22" coveredelements="0"/>
      </file>
    </package>
    <file name="/Users/kozokozo/personal/code-base/app/Containers/Todo/Data/Migrations/2024_01_01_000001_create_todos_table.php">
      <line num="9" type="stmt" count="0"/>
      <line num="10" type="stmt" count="0"/>
      <line num="16" type="stmt" count="0"/>
      <line num="17" type="stmt" count="0"/>
      <line num="18" type="stmt" count="0"/>
      <line num="19" type="stmt" count="0"/>
      <line num="20" type="stmt" count="0"/>
      <line num="21" type="stmt" count="0"/>
      <line num="22" type="stmt" count="0"/>
      <line num="23" type="stmt" count="0"/>
      <line num="24" type="stmt" count="0"/>
      <line num="27" type="stmt" count="0"/>
      <line num="28" type="stmt" count="0"/>
      <line num="29" type="stmt" count="0"/>
      <line num="37" type="stmt" count="0"/>
      <line num="39" type="stmt" count="0"/>
      <metrics loc="40" ncloc="33" classes="0" methods="0" coveredmethods="0" conditionals="0" coveredconditionals="0" statements="16" coveredstatements="0" elements="16" coveredelements="0"/>
    </file>
    <package name="App\Containers\Todo\Enums">
      <file name="/Users/kozokozo/personal/code-base/app/Containers/Todo/Enums/TodoStatusEnum.php">
        <class name="App\Containers\Todo\Enums\TodoStatusEnum" namespace="App\Containers\Todo\Enums">
          <metrics complexity="7" methods="4" coveredmethods="0" conditionals="0" coveredconditionals="0" statements="8" coveredstatements="0" elements="12" coveredelements="0"/>
        </class>
        <line num="23" type="method" name="getValues" visibility="public" complexity="1" crap="2" count="0"/>
        <line num="25" type="stmt" count="0"/>
        <line num="31" type="method" name="getLabel" visibility="public" complexity="4" crap="20" count="0"/>
        <line num="33" type="stmt" count="0"/>
        <line num="34" type="stmt" count="0"/>
        <line num="35" type="stmt" count="0"/>
        <line num="36" type="stmt" count="0"/>
        <line num="37" type="stmt" count="0"/>
        <line num="43" type="method" name="isCompleted" visibility="public" complexity="1" crap="2" count="0"/>
        <line num="45" type="stmt" count="0"/>
        <line num="51" type="method" name="isPending" visibility="public" complexity="1" crap="2" count="0"/>
        <line num="53" type="stmt" count="0"/>
        <metrics loc="56" ncloc="37" classes="1" methods="4" coveredmethods="0" conditionals="0" coveredconditionals="0" statements="8" coveredstatements="0" elements="12" coveredelements="0"/>
      </file>
    </package>
    <package name="App\Containers\Todo\Models">
      <file name="/Users/kozokozo/personal/code-base/app/Containers/Todo/Models/Todo.php">
        <class name="App\Containers\Todo\Models\Todo" namespace="App\Containers\Todo\Models">
          <metrics complexity="7" methods="7" coveredmethods="0" conditionals="0" coveredconditionals="0" statements="16" coveredstatements="0" elements="23" coveredelements="0"/>
        </class>
        <line num="32" type="method" name="newFactory" visibility="protected" complexity="1" crap="2" count="0"/>
        <line num="34" type="stmt" count="0"/>
        <line num="54" type="method" name="markAsCompleted" visibility="public" complexity="1" crap="2" count="0"/>
        <line num="56" type="stmt" count="0"/>
        <line num="57" type="stmt" count="0"/>
        <line num="58" type="stmt" count="0"/>
        <line num="59" type="stmt" count="0"/>
        <line num="65" type="method" name="markAsIncomplete" visibility="public" complexity="1" crap="2" count="0"/>
        <line num="67" type="stmt" count="0"/>
        <line num="68" type="stmt" count="0"/>
        <line num="69" type="stmt" count="0"/>
        <line num="70" type="stmt" count="0"/>
        <line num="76" type="method" name="markAsCancelled" visibility="public" complexity="1" crap="2" count="0"/>
        <line num="78" type="stmt" count="0"/>
        <line num="79" type="stmt" count="0"/>
        <line num="80" type="stmt" count="0"/>
        <line num="81" type="stmt" count="0"/>
        <line num="87" type="method" name="scopeCompleted" visibility="public" complexity="1" crap="2" count="0"/>
        <line num="89" type="stmt" count="0"/>
        <line num="95" type="method" name="scopeIncomplete" visibility="public" complexity="1" crap="2" count="0"/>
        <line num="97" type="stmt" count="0"/>
        <line num="103" type="method" name="scopeCancelled" visibility="public" complexity="1" crap="2" count="0"/>
        <line num="105" type="stmt" count="0"/>
        <metrics loc="108" ncloc="76" classes="1" methods="7" coveredmethods="0" conditionals="0" coveredconditionals="0" statements="16" coveredstatements="0" elements="23" coveredelements="0"/>
      </file>
    </package>
    <package name="App\Containers\Todo\Providers">
      <file name="/Users/kozokozo/personal/code-base/app/Containers/Todo/Providers/TodoServiceProvider.php">
        <class name="App\Containers\Todo\Providers\TodoServiceProvider" namespace="App\Containers\Todo\Providers">
          <metrics complexity="4" methods="3" coveredmethods="3" conditionals="0" coveredconditionals="0" statements="5" coveredstatements="5" elements="8" coveredelements="8"/>
        </class>
        <line num="20" type="method" name="register" visibility="public" complexity="1" crap="1" count="16"/>
        <line num="23" type="stmt" count="16"/>
        <line num="28" type="method" name="boot" visibility="public" complexity="1" crap="1" count="16"/>
        <line num="30" type="stmt" count="16"/>
        <line num="36" type="method" name="loadRoutes" visibility="private" complexity="2" crap="2" count="16"/>
        <line num="38" type="stmt" count="16"/>
        <line num="40" type="stmt" count="16"/>
        <line num="41" type="stmt" count="16"/>
        <metrics loc="45" ncloc="30" classes="1" methods="3" coveredmethods="3" conditionals="0" coveredconditionals="0" statements="5" coveredstatements="5" elements="8" coveredelements="8"/>
      </file>
    </package>
    <package name="App\Containers\Todo\Tasks">
      <file name="/Users/kozokozo/personal/code-base/app/Containers/Todo/Tasks/CreateTodoTask.php">
        <class name="App\Containers\Todo\Tasks\CreateTodoTask" namespace="App\Containers\Todo\Tasks">
          <metrics complexity="2" methods="1" coveredmethods="0" conditionals="0" coveredconditionals="0" statements="7" coveredstatements="0" elements="8" coveredelements="0"/>
        </class>
        <line num="26" type="method" name="run" visibility="public" complexity="2" crap="6" count="0"/>
        <line num="29" type="stmt" count="0"/>
        <line num="30" type="stmt" count="0"/>
        <line num="31" type="stmt" count="0"/>
        <line num="32" type="stmt" count="0"/>
        <line num="33" type="stmt" count="0"/>
        <line num="34" type="stmt" count="0"/>
        <line num="35" type="stmt" count="0"/>
        <metrics loc="39" ncloc="27" classes="1" methods="1" coveredmethods="0" conditionals="0" coveredconditionals="0" statements="7" coveredstatements="0" elements="8" coveredelements="0"/>
      </file>
      <file name="/Users/kozokozo/personal/code-base/app/Containers/Todo/Tasks/GetAllTodosTask.php">
        <class name="App\Containers\Todo\Tasks\GetAllTodosTask" namespace="App\Containers\Todo\Tasks">
          <metrics complexity="3" methods="2" coveredmethods="0" conditionals="0" coveredconditionals="0" statements="6" coveredstatements="0" elements="8" coveredelements="0"/>
        </class>
        <line num="24" type="method" name="filterByStatus" visibility="public" complexity="1" crap="2" count="0"/>
        <line num="26" type="stmt" count="0"/>
        <line num="28" type="stmt" count="0"/>
        <line num="36" type="method" name="run" visibility="public" complexity="2" crap="6" count="0"/>
        <line num="38" type="stmt" count="0"/>
        <line num="40" type="stmt" count="0"/>
        <line num="41" type="stmt" count="0"/>
        <line num="44" type="stmt" count="0"/>
        <metrics loc="47" ncloc="34" classes="1" methods="2" coveredmethods="0" conditionals="0" coveredconditionals="0" statements="6" coveredstatements="0" elements="8" coveredelements="0"/>
      </file>
      <file name="/Users/kozokozo/personal/code-base/app/Containers/Todo/Tasks/GetUserTodosTask.php">
        <class name="App\Containers\Todo\Tasks\GetUserTodosTask" namespace="App\Containers\Todo\Tasks">
          <metrics complexity="2" methods="2" coveredmethods="0" conditionals="0" coveredconditionals="0" statements="8" coveredstatements="0" elements="10" coveredelements="0"/>
        </class>
        <line num="14" type="method" name="run" visibility="public" complexity="1" crap="2" count="0"/>
        <line num="17" type="stmt" count="0"/>
        <line num="18" type="stmt" count="0"/>
        <line num="19" type="stmt" count="0"/>
        <line num="22" type="method" name="runWithEmail" visibility="public" complexity="1" crap="2" count="0"/>
        <line num="25" type="stmt" count="0"/>
        <line num="26" type="stmt" count="0"/>
        <line num="27" type="stmt" count="0"/>
        <line num="28" type="stmt" count="0"/>
        <line num="29" type="stmt" count="0"/>
        <metrics loc="31" ncloc="29" classes="1" methods="2" coveredmethods="0" conditionals="0" coveredconditionals="0" statements="8" coveredstatements="0" elements="10" coveredelements="0"/>
      </file>
      <file name="/Users/kozokozo/personal/code-base/app/Containers/Todo/Tasks/ToggleTodoStatusTask.php">
        <class name="App\Containers\Todo\Tasks\ToggleTodoStatusTask" namespace="App\Containers\Todo\Tasks">
          <metrics complexity="3" methods="1" coveredmethods="0" conditionals="0" coveredconditionals="0" statements="7" coveredstatements="0" elements="8" coveredelements="0"/>
        </class>
        <line num="23" type="method" name="run" visibility="public" complexity="3" crap="12" count="0"/>
        <line num="25" type="stmt" count="0"/>
        <line num="27" type="stmt" count="0"/>
        <line num="28" type="stmt" count="0"/>
        <line num="31" type="stmt" count="0"/>
        <line num="32" type="stmt" count="0"/>
        <line num="34" type="stmt" count="0"/>
        <line num="37" type="stmt" count="0"/>
        <metrics loc="40" ncloc="30" classes="1" methods="1" coveredmethods="0" conditionals="0" coveredconditionals="0" statements="7" coveredstatements="0" elements="8" coveredelements="0"/>
      </file>
    </package>
    <package name="App\Containers\Todo\Traits">
      <file name="/Users/kozokozo/personal/code-base/app/Containers/Todo/Traits/HasTodosTrait.php">
        <class name="App\Containers\Todo\Traits\HasTodosTrait" namespace="App\Containers\Todo\Traits">
          <metrics complexity="8" methods="7" coveredmethods="0" conditionals="0" coveredconditionals="0" statements="25" coveredstatements="0" elements="32" coveredelements="0"/>
        </class>
        <line num="17" type="method" name="todos" visibility="public" complexity="1" crap="2" count="0"/>
        <line num="19" type="stmt" count="0"/>
        <line num="25" type="method" name="completedTodos" visibility="public" complexity="1" crap="2" count="0"/>
        <line num="27" type="stmt" count="0"/>
        <line num="28" type="stmt" count="0"/>
        <line num="29" type="stmt" count="0"/>
        <line num="35" type="method" name="pendingTodos" visibility="public" complexity="1" crap="2" count="0"/>
        <line num="37" type="stmt" count="0"/>
        <line num="38" type="stmt" count="0"/>
        <line num="39" type="stmt" count="0"/>
        <line num="45" type="method" name="cancelledTodos" visibility="public" complexity="1" crap="2" count="0"/>
        <line num="47" type="stmt" count="0"/>
        <line num="48" type="stmt" count="0"/>
        <line num="49" type="stmt" count="0"/>
        <line num="55" type="method" name="getCompletedTodosCount" visibility="public" complexity="1" crap="2" count="0"/>
        <line num="57" type="stmt" count="0"/>
        <line num="58" type="stmt" count="0"/>
        <line num="59" type="stmt" count="0"/>
        <line num="65" type="method" name="getTodosCompletionRate" visibility="public" complexity="2" crap="6" count="0"/>
        <line num="67" type="stmt" count="0"/>
        <line num="68" type="stmt" count="0"/>
        <line num="69" type="stmt" count="0"/>
        <line num="71" type="stmt" count="0"/>
        <line num="72" type="stmt" count="0"/>
        <line num="75" type="stmt" count="0"/>
        <line num="76" type="stmt" count="0"/>
        <line num="82" type="method" name="createTodo" visibility="public" complexity="1" crap="2" count="0"/>
        <line num="84" type="stmt" count="0"/>
        <line num="85" type="stmt" count="0"/>
        <line num="86" type="stmt" count="0"/>
        <line num="87" type="stmt" count="0"/>
        <line num="88" type="stmt" count="0"/>
        <metrics loc="90" ncloc="69" classes="1" methods="7" coveredmethods="0" conditionals="0" coveredconditionals="0" statements="25" coveredstatements="0" elements="32" coveredelements="0"/>
      </file>
    </package>
    <package name="App\Containers\Todo\UI\API\Controllers">
      <file name="/Users/kozokozo/personal/code-base/app/Containers/Todo/UI/API/Controllers/TodoController.php">
        <class name="App\Containers\Todo\UI\API\Controllers\TodoController" namespace="App\Containers\Todo\UI\API\Controllers">
          <metrics complexity="5" methods="4" coveredmethods="0" conditionals="0" coveredconditionals="0" statements="15" coveredstatements="0" elements="19" coveredelements="0"/>
        </class>
        <line num="23" type="method" name="__construct" visibility="public" complexity="1" crap="2" count="0"/>
        <line num="27" type="stmt" count="0"/>
        <line num="32" type="method" name="index" visibility="public" complexity="2" crap="6" count="0"/>
        <line num="34" type="stmt" count="0"/>
        <line num="35" type="stmt" count="0"/>
        <line num="37" type="stmt" count="0"/>
        <line num="39" type="stmt" count="0"/>
        <line num="45" type="method" name="store" visibility="public" complexity="1" crap="2" count="0"/>
        <line num="47" type="stmt" count="0"/>
        <line num="48" type="stmt" count="0"/>
        <line num="49" type="stmt" count="0"/>
        <line num="50" type="stmt" count="0"/>
        <line num="51" type="stmt" count="0"/>
        <line num="53" type="stmt" count="0"/>
        <line num="59" type="method" name="toggle" visibility="public" complexity="1" crap="2" count="0"/>
        <line num="61" type="stmt" count="0"/>
        <line num="62" type="stmt" count="0"/>
        <line num="63" type="stmt" count="0"/>
        <line num="65" type="stmt" count="0"/>
        <metrics loc="68" ncloc="54" classes="1" methods="4" coveredmethods="0" conditionals="0" coveredconditionals="0" statements="15" coveredstatements="0" elements="19" coveredelements="0"/>
      </file>
    </package>
    <package name="App\Containers\Todo\UI\API\Requests">
      <file name="/Users/kozokozo/personal/code-base/app/Containers/Todo/UI/API/Requests/CreateTodoRequest.php">
        <class name="App\Containers\Todo\UI\API\Requests\CreateTodoRequest" namespace="App\Containers\Todo\UI\API\Requests">
          <metrics complexity="3" methods="3" coveredmethods="0" conditionals="0" coveredconditionals="0" statements="10" coveredstatements="0" elements="13" coveredelements="0"/>
        </class>
        <line num="19" type="method" name="authorize" visibility="public" complexity="1" crap="2" count="0"/>
        <line num="21" type="stmt" count="0"/>
        <line num="29" type="method" name="rules" visibility="public" complexity="1" crap="2" count="0"/>
        <line num="31" type="stmt" count="0"/>
        <line num="32" type="stmt" count="0"/>
        <line num="33" type="stmt" count="0"/>
        <line num="34" type="stmt" count="0"/>
        <line num="42" type="method" name="messages" visibility="public" complexity="1" crap="2" count="0"/>
        <line num="44" type="stmt" count="0"/>
        <line num="45" type="stmt" count="0"/>
        <line num="46" type="stmt" count="0"/>
        <line num="47" type="stmt" count="0"/>
        <line num="48" type="stmt" count="0"/>
        <metrics loc="51" ncloc="32" classes="1" methods="3" coveredmethods="0" conditionals="0" coveredconditionals="0" statements="10" coveredstatements="0" elements="13" coveredelements="0"/>
      </file>
    </package>
    <file name="/Users/kozokozo/personal/code-base/app/Containers/Todo/UI/API/Routes/todos.php">
      <line num="17" type="stmt" count="16"/>
      <line num="18" type="stmt" count="16"/>
      <line num="19" type="stmt" count="16"/>
      <line num="20" type="stmt" count="16"/>
      <line num="21" type="stmt" count="16"/>
      <line num="22" type="stmt" count="16"/>
      <line num="23" type="stmt" count="16"/>
      <metrics loc="24" ncloc="16" classes="0" methods="0" coveredmethods="0" conditionals="0" coveredconditionals="0" statements="7" coveredstatements="7" elements="7" coveredelements="7"/>
    </file>
    <package name="App\Http\Controllers">
      <file name="/Users/kozokozo/personal/code-base/app/Http/Controllers/Controller.php">
        <class name="App\Http\Controllers\Controller" namespace="App\Http\Controllers">
          <metrics complexity="0" methods="0" coveredmethods="0" conditionals="0" coveredconditionals="0" statements="0" coveredstatements="0" elements="0" coveredelements="0"/>
        </class>
        <metrics loc="9" ncloc="8" classes="0" methods="0" coveredmethods="0" conditionals="0" coveredconditionals="0" statements="0" coveredstatements="0" elements="0" coveredelements="0"/>
      </file>
    </package>
    <package name="App\Http\Middleware">
      <file name="/Users/kozokozo/personal/code-base/app/Http/Middleware/HandleAppearance.php">
        <class name="App\Http\Middleware\HandleAppearance" namespace="App\Http\Middleware">
          <metrics complexity="1" methods="1" coveredmethods="1" conditionals="0" coveredconditionals="0" statements="2" coveredstatements="2" elements="3" coveredelements="3"/>
        </class>
        <line num="17" type="method" name="handle" visibility="public" complexity="1" crap="1" count="15"/>
        <line num="19" type="stmt" count="15"/>
        <line num="21" type="stmt" count="15"/>
        <metrics loc="24" ncloc="19" classes="1" methods="1" coveredmethods="1" conditionals="0" coveredconditionals="0" statements="2" coveredstatements="2" elements="3" coveredelements="3"/>
      </file>
      <file name="/Users/kozokozo/personal/code-base/app/Http/Middleware/HandleInertiaRequests.php">
        <class name="App\Http\Middleware\HandleInertiaRequests" namespace="App\Http\Middleware">
          <metrics complexity="6" methods="2" coveredmethods="1" conditionals="0" coveredconditionals="0" statements="28" coveredstatements="23" elements="30" coveredelements="24"/>
        </class>
        <line num="26" type="method" name="version" visibility="public" complexity="1" crap="1" count="5"/>
        <line num="28" type="stmt" count="5"/>
        <line num="38" type="method" name="share" visibility="public" complexity="5" crap="5.16" count="15"/>
        <line num="40" type="stmt" count="15"/>
        <line num="42" type="stmt" count="15"/>
        <line num="43" type="stmt" count="15"/>
        <line num="44" type="stmt" count="15"/>
        <line num="45" type="stmt" count="15"/>
        <line num="46" type="stmt" count="15"/>
        <line num="47" type="stmt" count="15"/>
        <line num="48" type="stmt" count="15"/>
        <line num="49" type="stmt" count="15"/>
        <line num="50" type="stmt" count="15"/>
        <line num="51" type="stmt" count="15"/>
        <line num="52" type="stmt" count="15"/>
        <line num="53" type="stmt" count="15"/>
        <line num="54" type="stmt" count="15"/>
        <line num="55" type="stmt" count="15"/>
        <line num="56" type="stmt" count="15"/>
        <line num="57" type="stmt" count="15"/>
        <line num="58" type="stmt" count="15"/>
        <line num="59" type="stmt" count="5"/>
        <line num="60" type="stmt" count="5"/>
        <line num="63" type="stmt" count="0"/>
        <line num="64" type="stmt" count="0"/>
        <line num="66" type="stmt" count="0"/>
        <line num="67" type="stmt" count="0"/>
        <line num="70" type="stmt" count="0"/>
        <line num="71" type="stmt" count="15"/>
        <line num="72" type="stmt" count="15"/>
        <metrics loc="75" ncloc="56" classes="1" methods="2" coveredmethods="1" conditionals="0" coveredconditionals="0" statements="28" coveredstatements="23" elements="30" coveredelements="24"/>
      </file>
    </package>
    <package name="App\Http\Requests\Auth">
      <file name="/Users/kozokozo/personal/code-base/app/Http/Requests/Auth/LoginRequest.php">
        <class name="App\Http\Requests\Auth\LoginRequest" namespace="App\Http\Requests\Auth">
          <metrics complexity="7" methods="5" coveredmethods="0" conditionals="0" coveredconditionals="0" statements="23" coveredstatements="0" elements="28" coveredelements="0"/>
        </class>
        <line num="17" type="method" name="authorize" visibility="public" complexity="1" crap="2" count="0"/>
        <line num="19" type="stmt" count="0"/>
        <line num="27" type="method" name="rules" visibility="public" complexity="1" crap="2" count="0"/>
        <line num="29" type="stmt" count="0"/>
        <line num="30" type="stmt" count="0"/>
        <line num="31" type="stmt" count="0"/>
        <line num="32" type="stmt" count="0"/>
        <line num="40" type="method" name="authenticate" visibility="public" complexity="2" crap="6" count="0"/>
        <line num="42" type="stmt" count="0"/>
        <line num="44" type="stmt" count="0"/>
        <line num="45" type="stmt" count="0"/>
        <line num="47" type="stmt" count="0"/>
        <line num="48" type="stmt" count="0"/>
        <line num="49" type="stmt" count="0"/>
        <line num="52" type="stmt" count="0"/>
        <line num="60" type="method" name="ensureIsNotRateLimited" visibility="public" complexity="2" crap="6" count="0"/>
        <line num="62" type="stmt" count="0"/>
        <line num="63" type="stmt" count="0"/>
        <line num="66" type="stmt" count="0"/>
        <line num="68" type="stmt" count="0"/>
        <line num="70" type="stmt" count="0"/>
        <line num="71" type="stmt" count="0"/>
        <line num="72" type="stmt" count="0"/>
        <line num="73" type="stmt" count="0"/>
        <line num="74" type="stmt" count="0"/>
        <line num="75" type="stmt" count="0"/>
        <line num="81" type="method" name="throttleKey" visibility="public" complexity="1" crap="2" count="0"/>
        <line num="83" type="stmt" count="0"/>
        <metrics loc="86" ncloc="65" classes="1" methods="5" coveredmethods="0" conditionals="0" coveredconditionals="0" statements="23" coveredstatements="0" elements="28" coveredelements="0"/>
      </file>
    </package>
    <package name="App\Http\Requests\Settings">
      <file name="/Users/kozokozo/personal/code-base/app/Http/Requests/Settings/ProfileUpdateRequest.php">
        <class name="App\Http\Requests\Settings\ProfileUpdateRequest" namespace="App\Http\Requests\Settings">
          <metrics complexity="1" methods="1" coveredmethods="0" conditionals="0" coveredconditionals="0" statements="11" coveredstatements="0" elements="12" coveredelements="0"/>
        </class>
        <line num="16" type="method" name="rules" visibility="public" complexity="1" crap="2" count="0"/>
        <line num="18" type="stmt" count="0"/>
        <line num="19" type="stmt" count="0"/>
        <line num="20" type="stmt" count="0"/>
        <line num="21" type="stmt" count="0"/>
        <line num="22" type="stmt" count="0"/>
        <line num="23" type="stmt" count="0"/>
        <line num="24" type="stmt" count="0"/>
        <line num="25" type="stmt" count="0"/>
        <line num="26" type="stmt" count="0"/>
        <line num="27" type="stmt" count="0"/>
        <line num="28" type="stmt" count="0"/>
        <metrics loc="31" ncloc="26" classes="1" methods="1" coveredmethods="0" conditionals="0" coveredconditionals="0" statements="11" coveredstatements="0" elements="12" coveredelements="0"/>
      </file>
    </package>
    <package name="App\Models">
      <file name="/Users/kozokozo/personal/code-base/app/Models/User.php">
        <class name="App\Models\User" namespace="App\Models">
          <metrics complexity="2" methods="2" coveredmethods="1" conditionals="0" coveredconditionals="0" statements="5" coveredstatements="4" elements="7" coveredelements="5"/>
        </class>
        <line num="44" type="method" name="casts" visibility="protected" complexity="1" crap="1" count="5"/>
        <line num="46" type="stmt" count="5"/>
        <line num="47" type="stmt" count="5"/>
        <line num="48" type="stmt" count="5"/>
        <line num="49" type="stmt" count="5"/>
        <line num="55" type="method" name="familyRoles" visibility="public" complexity="1" crap="2" count="0"/>
        <line num="57" type="stmt" count="0"/>
        <metrics loc="60" ncloc="42" classes="1" methods="2" coveredmethods="1" conditionals="0" coveredconditionals="0" statements="5" coveredstatements="4" elements="7" coveredelements="5"/>
      </file>
    </package>
    <package name="App\Providers">
      <file name="/Users/kozokozo/personal/code-base/app/Providers/AppServiceProvider.php">
        <class name="App\Providers\AppServiceProvider" namespace="App\Providers">
          <metrics complexity="2" methods="2" coveredmethods="2" conditionals="0" coveredconditionals="0" statements="2" coveredstatements="2" elements="4" coveredelements="4"/>
        </class>
        <line num="14" type="method" name="register" visibility="public" complexity="1" crap="1" count="16"/>
        <line num="16" type="stmt" count="16"/>
        <line num="22" type="method" name="boot" visibility="public" complexity="1" crap="1" count="16"/>
        <line num="25" type="stmt" count="16"/>
        <metrics loc="27" ncloc="20" classes="1" methods="2" coveredmethods="2" conditionals="0" coveredconditionals="0" statements="2" coveredstatements="2" elements="4" coveredelements="4"/>
      </file>
    </package>
    <file name="/Users/kozokozo/personal/code-base/app/Ship/Contracts/UserProfile.php">
      <metrics loc="19" ncloc="19" classes="0" methods="0" coveredmethods="0" conditionals="0" coveredconditionals="0" statements="0" coveredstatements="0" elements="0" coveredelements="0"/>
    </file>
    <package name="App\Ship\Exceptions">
      <file name="/Users/kozokozo/personal/code-base/app/Ship/Exceptions/CreateResourceFailedException.php">
        <class name="App\Ship\Exceptions\CreateResourceFailedException" namespace="App\Ship\Exceptions">
          <metrics complexity="1" methods="1" coveredmethods="0" conditionals="0" coveredconditionals="0" statements="1" coveredstatements="0" elements="2" coveredelements="0"/>
        </class>
        <line num="16" type="method" name="__construct" visibility="public" complexity="1" crap="2" count="0"/>
        <line num="18" type="stmt" count="0"/>
        <metrics loc="21" ncloc="16" classes="1" methods="1" coveredmethods="0" conditionals="0" coveredconditionals="0" statements="1" coveredstatements="0" elements="2" coveredelements="0"/>
      </file>
      <file name="/Users/kozokozo/personal/code-base/app/Ship/Exceptions/NotFoundException.php">
        <class name="App\Ship\Exceptions\NotFoundException" namespace="App\Ship\Exceptions">
          <metrics complexity="1" methods="1" coveredmethods="0" conditionals="0" coveredconditionals="0" statements="1" coveredstatements="0" elements="2" coveredelements="0"/>
        </class>
        <line num="16" type="method" name="__construct" visibility="public" complexity="1" crap="2" count="0"/>
        <line num="18" type="stmt" count="0"/>
        <metrics loc="21" ncloc="16" classes="1" methods="1" coveredmethods="0" conditionals="0" coveredconditionals="0" statements="1" coveredstatements="0" elements="2" coveredelements="0"/>
      </file>
    </package>
    <package name="App\Ship\Parents\Actions">
      <file name="/Users/kozokozo/personal/code-base/app/Ship/Parents/Actions/Action.php">
        <class name="App\Ship\Parents\Actions\Action" namespace="App\Ship\Parents\Actions">
          <metrics complexity="0" methods="1" coveredmethods="0" conditionals="0" coveredconditionals="0" statements="1" coveredstatements="0" elements="2" coveredelements="0"/>
        </class>
        <line num="18" type="method" name="run" visibility="public" complexity="0" crap="0" count="0"/>
        <metrics loc="20" ncloc="11" classes="1" methods="1" coveredmethods="0" conditionals="0" coveredconditionals="0" statements="1" coveredstatements="0" elements="2" coveredelements="0"/>
      </file>
    </package>
    <package name="App\Ship\Parents\Controllers">
      <file name="/Users/kozokozo/personal/code-base/app/Ship/Parents/Controllers/ApiController.php">
        <class name="App\Ship\Parents\Controllers\ApiController" namespace="App\Ship\Parents\Controllers">
          <metrics complexity="4" methods="4" coveredmethods="0" conditionals="0" coveredconditionals="0" statements="12" coveredstatements="0" elements="16" coveredelements="0"/>
        </class>
        <line num="27" type="method" name="success" visibility="protected" complexity="1" crap="2" count="0"/>
        <line num="29" type="stmt" count="0"/>
        <line num="30" type="stmt" count="0"/>
        <line num="31" type="stmt" count="0"/>
        <line num="32" type="stmt" count="0"/>
        <line num="33" type="stmt" count="0"/>
        <line num="41" type="method" name="created" visibility="protected" complexity="1" crap="2" count="0"/>
        <line num="43" type="stmt" count="0"/>
        <line num="51" type="method" name="error" visibility="protected" complexity="1" crap="2" count="0"/>
        <line num="53" type="stmt" count="0"/>
        <line num="54" type="stmt" count="0"/>
        <line num="55" type="stmt" count="0"/>
        <line num="56" type="stmt" count="0"/>
        <line num="57" type="stmt" count="0"/>
        <line num="63" type="method" name="notFound" visibility="protected" complexity="1" crap="2" count="0"/>
        <line num="65" type="stmt" count="0"/>
        <metrics loc="68" ncloc="45" classes="1" methods="4" coveredmethods="0" conditionals="0" coveredconditionals="0" statements="12" coveredstatements="0" elements="16" coveredelements="0"/>
      </file>
      <file name="/Users/kozokozo/personal/code-base/app/Ship/Parents/Controllers/WebController.php">
        <class name="App\Ship\Parents\Controllers\WebController" namespace="App\Ship\Parents\Controllers">
          <metrics complexity="0" methods="0" coveredmethods="0" conditionals="0" coveredconditionals="0" statements="0" coveredstatements="0" elements="0" coveredelements="0"/>
        </class>
        <metrics loc="15" ncloc="15" classes="0" methods="0" coveredmethods="0" conditionals="0" coveredconditionals="0" statements="0" coveredstatements="0" elements="0" coveredelements="0"/>
      </file>
    </package>
    <package name="App\Ship\Parents\Models">
      <file name="/Users/kozokozo/personal/code-base/app/Ship/Parents/Models/AbstractUser.php">
        <class name="App\Ship\Parents\Models\AbstractUser" namespace="App\Ship\Parents\Models">
          <metrics complexity="10" methods="10" coveredmethods="0" conditionals="0" coveredconditionals="0" statements="16" coveredstatements="0" elements="26" coveredelements="0"/>
        </class>
        <line num="37" type="method" name="getId" visibility="public" complexity="1" crap="2" count="0"/>
        <line num="39" type="stmt" count="0"/>
        <line num="42" type="method" name="getEmail" visibility="public" complexity="1" crap="2" count="0"/>
        <line num="44" type="stmt" count="0"/>
        <line num="47" type="method" name="getName" visibility="public" complexity="1" crap="2" count="0"/>
        <line num="49" type="stmt" count="0"/>
        <line num="52" type="method" name="getAvatar" visibility="public" complexity="1" crap="2" count="0"/>
        <line num="54" type="stmt" count="0"/>
        <line num="57" type="method" name="setName" visibility="public" complexity="1" crap="2" count="0"/>
        <line num="59" type="stmt" count="0"/>
        <line num="60" type="stmt" count="0"/>
        <line num="63" type="method" name="setEmail" visibility="public" complexity="1" crap="2" count="0"/>
        <line num="65" type="stmt" count="0"/>
        <line num="66" type="stmt" count="0"/>
        <line num="69" type="method" name="setPassword" visibility="public" complexity="1" crap="2" count="0"/>
        <line num="71" type="stmt" count="0"/>
        <line num="72" type="stmt" count="0"/>
        <line num="75" type="method" name="setAvatar" visibility="public" complexity="1" crap="2" count="0"/>
        <line num="77" type="stmt" count="0"/>
        <line num="78" type="stmt" count="0"/>
        <line num="81" type="method" name="hasVerifiedEmail" visibility="public" complexity="1" crap="2" count="0"/>
        <line num="83" type="stmt" count="0"/>
        <line num="86" type="method" name="markEmailAsVerified" visibility="public" complexity="1" crap="2" count="0"/>
        <line num="88" type="stmt" count="0"/>
        <line num="89" type="stmt" count="0"/>
        <line num="90" type="stmt" count="0"/>
        <metrics loc="92" ncloc="92" classes="1" methods="10" coveredmethods="0" conditionals="0" coveredconditionals="0" statements="16" coveredstatements="0" elements="26" coveredelements="0"/>
      </file>
      <file name="/Users/kozokozo/personal/code-base/app/Ship/Parents/Models/Model.php">
        <class name="App\Ship\Parents\Models\Model" namespace="App\Ship\Parents\Models">
          <metrics complexity="0" methods="0" coveredmethods="0" conditionals="0" coveredconditionals="0" statements="0" coveredstatements="0" elements="0" coveredelements="0"/>
        </class>
        <metrics loc="18" ncloc="12" classes="0" methods="0" coveredmethods="0" conditionals="0" coveredconditionals="0" statements="0" coveredstatements="0" elements="0" coveredelements="0"/>
      </file>
      <file name="/Users/kozokozo/personal/code-base/app/Ship/Parents/Models/UserProfileModel.php">
        <class name="App\Ship\Parents\Models\UserProfileModel" namespace="App\Ship\Parents\Models">
          <metrics complexity="10" methods="10" coveredmethods="0" conditionals="0" coveredconditionals="0" statements="16" coveredstatements="0" elements="26" coveredelements="0"/>
        </class>
        <line num="12" type="method" name="getId" visibility="public" complexity="1" crap="2" count="0"/>
        <line num="14" type="stmt" count="0"/>
        <line num="17" type="method" name="getEmail" visibility="public" complexity="1" crap="2" count="0"/>
        <line num="19" type="stmt" count="0"/>
        <line num="22" type="method" name="getName" visibility="public" complexity="1" crap="2" count="0"/>
        <line num="24" type="stmt" count="0"/>
        <line num="27" type="method" name="getAvatar" visibility="public" complexity="1" crap="2" count="0"/>
        <line num="29" type="stmt" count="0"/>
        <line num="32" type="method" name="setName" visibility="public" complexity="1" crap="2" count="0"/>
        <line num="34" type="stmt" count="0"/>
        <line num="35" type="stmt" count="0"/>
        <line num="38" type="method" name="setEmail" visibility="public" complexity="1" crap="2" count="0"/>
        <line num="40" type="stmt" count="0"/>
        <line num="41" type="stmt" count="0"/>
        <line num="44" type="method" name="setPassword" visibility="public" complexity="1" crap="2" count="0"/>
        <line num="46" type="stmt" count="0"/>
        <line num="47" type="stmt" count="0"/>
        <line num="50" type="method" name="setAvatar" visibility="public" complexity="1" crap="2" count="0"/>
        <line num="52" type="stmt" count="0"/>
        <line num="53" type="stmt" count="0"/>
        <line num="56" type="method" name="hasVerifiedEmail" visibility="public" complexity="1" crap="2" count="0"/>
        <line num="58" type="stmt" count="0"/>
        <line num="61" type="method" name="markEmailAsVerified" visibility="public" complexity="1" crap="2" count="0"/>
        <line num="63" type="stmt" count="0"/>
        <line num="64" type="stmt" count="0"/>
        <line num="65" type="stmt" count="0"/>
        <metrics loc="67" ncloc="67" classes="1" methods="10" coveredmethods="0" conditionals="0" coveredconditionals="0" statements="16" coveredstatements="0" elements="26" coveredelements="0"/>
      </file>
    </package>
    <package name="App\Ship\Parents\Providers">
      <file name="/Users/kozokozo/personal/code-base/app/Ship/Parents/Providers/MainServiceProvider.php">
        <class name="App\Ship\Parents\Providers\MainServiceProvider" namespace="App\Ship\Parents\Providers">
          <metrics complexity="3" methods="2" coveredmethods="2" conditionals="0" coveredconditionals="0" statements="3" coveredstatements="3" elements="5" coveredelements="5"/>
        </class>
        <line num="33" type="method" name="register" visibility="public" complexity="2" crap="2" count="16"/>
        <line num="35" type="stmt" count="16"/>
        <line num="36" type="stmt" count="16"/>
        <line num="43" type="method" name="boot" visibility="public" complexity="1" crap="1" count="16"/>
        <line num="46" type="stmt" count="16"/>
        <metrics loc="48" ncloc="31" classes="1" methods="2" coveredmethods="2" conditionals="0" coveredconditionals="0" statements="3" coveredstatements="3" elements="5" coveredelements="5"/>
      </file>
    </package>
    <package name="App\Ship\Parents\Requests">
      <file name="/Users/kozokozo/personal/code-base/app/Ship/Parents/Requests/Request.php">
        <class name="App\Ship\Parents\Requests\Request" namespace="App\Ship\Parents\Requests">
          <metrics complexity="0" methods="0" coveredmethods="0" conditionals="0" coveredconditionals="0" statements="0" coveredstatements="0" elements="0" coveredelements="0"/>
        </class>
        <metrics loc="37" ncloc="16" classes="0" methods="0" coveredmethods="0" conditionals="0" coveredconditionals="0" statements="0" coveredstatements="0" elements="0" coveredelements="0"/>
      </file>
    </package>
    <package name="App\Ship\Parents\Tasks">
      <file name="/Users/kozokozo/personal/code-base/app/Ship/Parents/Tasks/Task.php">
        <class name="App\Ship\Parents\Tasks\Task" namespace="App\Ship\Parents\Tasks">
          <metrics complexity="0" methods="0" coveredmethods="0" conditionals="0" coveredconditionals="0" statements="0" coveredstatements="0" elements="0" coveredelements="0"/>
        </class>
        <metrics loc="17" ncloc="10" classes="0" methods="0" coveredmethods="0" conditionals="0" coveredconditionals="0" statements="0" coveredstatements="0" elements="0" coveredelements="0"/>
      </file>
    </package>
    <package name="App\Ship\Providers">
      <file name="/Users/kozokozo/personal/code-base/app/Ship/Providers/ShipServiceProvider.php">
        <class name="App\Ship\Providers\ShipServiceProvider" namespace="App\Ship\Providers">
          <metrics complexity="2" methods="2" coveredmethods="0" conditionals="0" coveredconditionals="0" statements="2" coveredstatements="0" elements="4" coveredelements="0"/>
        </class>
        <line num="16" type="method" name="register" visibility="public" complexity="1" crap="2" count="0"/>
        <line num="18" type="stmt" count="0"/>
        <line num="24" type="method" name="boot" visibility="public" complexity="1" crap="2" count="0"/>
        <line num="27" type="stmt" count="0"/>
        <metrics loc="28" ncloc="21" classes="1" methods="2" coveredmethods="0" conditionals="0" coveredconditionals="0" statements="2" coveredstatements="0" elements="4" coveredelements="0"/>
      </file>
      <file name="/Users/kozokozo/personal/code-base/app/Ship/Providers/UserServiceProvider.php">
        <class name="App\Ship\Providers\UserServiceProvider" namespace="App\Ship\Providers">
          <metrics complexity="1" methods="1" coveredmethods="0" conditionals="0" coveredconditionals="0" statements="3" coveredstatements="0" elements="4" coveredelements="0"/>
        </class>
        <line num="13" type="method" name="register" visibility="public" complexity="1" crap="2" count="0"/>
        <line num="15" type="stmt" count="0"/>
        <line num="16" type="stmt" count="0"/>
        <line num="17" type="stmt" count="0"/>
        <metrics loc="19" ncloc="19" classes="1" methods="1" coveredmethods="0" conditionals="0" coveredconditionals="0" statements="3" coveredstatements="0" elements="4" coveredelements="0"/>
      </file>
    </package>
    <package name="App\Traits">
      <file name="/Users/kozokozo/personal/code-base/app/Traits/PropertyFillable.php">
        <class name="App\Traits\PropertyFillable" namespace="App\Traits">
          <metrics complexity="8" methods="1" coveredmethods="0" conditionals="0" coveredconditionals="0" statements="16" coveredstatements="0" elements="17" coveredelements="0"/>
        </class>
        <line num="16" type="method" name="fillProperties" visibility="public" complexity="8" crap="72" count="0"/>
        <line num="18" type="stmt" count="0"/>
        <line num="19" type="stmt" count="0"/>
        <line num="20" type="stmt" count="0"/>
        <line num="21" type="stmt" count="0"/>
        <line num="22" type="stmt" count="0"/>
        <line num="23" type="stmt" count="0"/>
        <line num="24" type="stmt" count="0"/>
        <line num="27" type="stmt" count="0"/>
        <line num="28" type="stmt" count="0"/>
        <line num="29" type="stmt" count="0"/>
        <line num="30" type="stmt" count="0"/>
        <line num="32" type="stmt" count="0"/>
        <line num="37" type="stmt" count="0"/>
        <line num="38" type="stmt" count="0"/>
        <line num="39" type="stmt" count="0"/>
        <line num="42" type="stmt" count="0"/>
        <metrics loc="45" ncloc="45" classes="1" methods="1" coveredmethods="0" conditionals="0" coveredconditionals="0" statements="16" coveredstatements="0" elements="17" coveredelements="0"/>
      </file>
      <file name="/Users/kozokozo/personal/code-base/app/Traits/UnsetPropertiesHandle.php">
        <class name="App\Traits\UnsetPropertiesHandle" namespace="App\Traits">
          <metrics complexity="4" methods="1" coveredmethods="0" conditionals="0" coveredconditionals="0" statements="8" coveredstatements="0" elements="9" coveredelements="0"/>
        </class>
        <line num="11" type="method" name="getUnsetProperties" visibility="protected" complexity="4" crap="20" count="0"/>
        <line num="13" type="stmt" count="0"/>
        <line num="14" type="stmt" count="0"/>
        <line num="15" type="stmt" count="0"/>
        <line num="17" type="stmt" count="0"/>
        <line num="18" type="stmt" count="0"/>
        <line num="19" type="stmt" count="0"/>
        <line num="20" type="stmt" count="0"/>
        <line num="24" type="stmt" count="0"/>
        <metrics loc="27" ncloc="27" classes="1" methods="1" coveredmethods="0" conditionals="0" coveredconditionals="0" statements="8" coveredstatements="0" elements="9" coveredelements="0"/>
      </file>
    </package>
    <metrics files="66" loc="3004" ncloc="2496" classes="56" methods="168" coveredmethods="26" conditionals="0" coveredconditionals="0" statements="559" coveredstatements="144" elements="727" coveredelements="170"/>
  </project>
</coverage>
